2023-04-02 21:49:56.589443 - Initialized conversion of CBT103
2023-04-02 21:49:57.061821 - Received CBT.V504.FILE103.PDS from FILE103.XMI 
2023-04-02 21:49:57.064148 - Found $$$#DATE.txt (text/plain) in CBT.V504.FILE103.PDS, moved to PDS/$$$#DATE
2023-04-02 21:49:57.065126 - Found $$ISPF.txt (text/plain) in CBT.V504.FILE103.PDS, moved to PDS/$$ISPF
2023-04-02 21:49:57.066304 - Found $$SCRIPT.txt (text/plain) in CBT.V504.FILE103.PDS, moved to PDS/$$SCRIPT
2023-04-02 21:49:57.067286 - Found $CHANGE.txt (text/plain) in CBT.V504.FILE103.PDS, moved to PDS/$CHANGE
2023-04-02 21:49:57.067298 - Found $DOC.bin containing application/octet-stream, moved to PDS/$DOC
2023-04-02 21:49:57.068237 - Found $INSTALL.bin containing application/octet-stream, moved to PDS/$INSTALL
2023-04-02 21:49:57.069145 - Found $LEVEL.bin containing application/octet-stream, moved to PDS/$LEVEL
2023-04-02 21:49:57.070963 - Found $NOTE.txt (text/plain) in CBT.V504.FILE103.PDS, moved to PDS/$NOTE
2023-04-02 21:49:57.072336 - Found #COPYSCR.txt (text/plain) in CBT.V504.FILE103.PDS, moved to PDS/#COPYSCR
2023-04-02 21:49:57.073319 - Found #ELIST.txt (text/plain) in CBT.V504.FILE103.PDS, moved to PDS/#ELIST
2023-04-02 21:49:57.074185 - Found #INFO.txt (text/plain) in CBT.V504.FILE103.PDS, moved to PDS/#INFO
2023-04-02 21:49:57.075125 - Found #SPELL.txt (text/plain) in CBT.V504.FILE103.PDS, moved to PDS/#SPELL
2023-04-02 21:49:57.076104 - Found @FILE103.txt (text/plain) in CBT.V504.FILE103.PDS, moved to PDS/@FILE103
2023-04-02 21:49:57.077099 - Found CDF.txt (text/plain) in CBT.V504.FILE103.PDS, moved to PDS/CDF
2023-04-02 21:49:57.077968 - Found CDFDATAB.txt (text/plain) in CBT.V504.FILE103.PDS, moved to PDS/CDFDATAB
2023-04-02 21:49:57.078873 - Found CDFHELP.txt (text/plain) in CBT.V504.FILE103.PDS, moved to PDS/CDFHELP
2023-04-02 21:49:57.079811 - Found COPYSCRN.txt (text/plain) in CBT.V504.FILE103.PDS, moved to PDS/COPYSCRN
2023-04-02 21:49:57.080684 - Found COPYSCT1.txt (text/plain) in CBT.V504.FILE103.PDS, moved to PDS/COPYSCT1
2023-04-02 21:49:57.081565 - Found COPYSCT2.txt (text/plain) in CBT.V504.FILE103.PDS, moved to PDS/COPYSCT2
2023-04-02 21:49:57.082513 - Found COPYSC01.txt (text/plain) in CBT.V504.FILE103.PDS, moved to PDS/COPYSC01
2023-04-02 21:49:57.083486 - Found DISPLAY.txt (text/plain) in CBT.V504.FILE103.PDS, moved to PDS/DISPLAY
2023-04-02 21:49:57.084404 - Found ELIST.txt (text/plain) in CBT.V504.FILE103.PDS, moved to PDS/ELIST
2023-04-02 21:49:57.085329 - Found INFO.txt (text/plain) in CBT.V504.FILE103.PDS, moved to PDS/INFO
2023-04-02 21:49:57.086298 - Found INIT.txt (text/plain) in CBT.V504.FILE103.PDS, moved to PDS/INIT
2023-04-02 21:49:57.087286 - Found QCOMMON.txt (text/plain) in CBT.V504.FILE103.PDS, moved to PDS/QCOMMON
2023-04-02 21:49:57.087297 - Found QUECMDS.bin containing application/octet-stream, moved to PDS/QUECMDS
2023-04-02 21:49:57.088222 - Found QUEPROF.bin containing application/octet-stream, moved to PDS/QUEPROF
2023-04-02 21:49:57.090066 - Found QUEUE.txt (text/plain) in CBT.V504.FILE103.PDS, moved to PDS/QUEUE
2023-04-02 21:49:57.091026 - Found QUEUEM2.txt (text/plain) in CBT.V504.FILE103.PDS, moved to PDS/QUEUEM2
2023-04-02 21:49:57.091964 - Found QUEUEM3.txt (text/plain) in CBT.V504.FILE103.PDS, moved to PDS/QUEUEM3
2023-04-02 21:49:57.092927 - Found QUEUEM4.txt (text/plain) in CBT.V504.FILE103.PDS, moved to PDS/QUEUEM4
2023-04-02 21:49:57.093838 - Found QUEUEM5.txt (text/plain) in CBT.V504.FILE103.PDS, moved to PDS/QUEUEM5
2023-04-02 21:49:57.094833 - Found RACFTSO5.jcl (text/plain) in CBT.V504.FILE103.PDS, moved to PDS/RACFTSO5
2023-04-02 21:49:57.095834 - Found REPOS.txt (text/plain) in CBT.V504.FILE103.PDS, moved to PDS/REPOS
2023-04-02 21:49:57.096772 - Found SPELL.txt (text/plain) in CBT.V504.FILE103.PDS, moved to PDS/SPELL
2023-04-02 21:49:57.097721 - Found TECA08.txt (text/plain) in CBT.V504.FILE103.PDS, moved to PDS/TECA08
2023-04-02 21:49:57.097733 - Found TECMODS.bin containing application/octet-stream, moved to PDS/TECMODS
2023-04-02 21:49:57.099635 - Found TECZ00.txt (text/plain) in CBT.V504.FILE103.PDS, moved to PDS/TECZ00
2023-04-02 21:49:57.100629 - Found TVENQ1.txt (text/plain) in CBT.V504.FILE103.PDS, moved to PDS/TVENQ1
2023-04-02 21:49:57.101548 - Found TVENQ11.txt (text/plain) in CBT.V504.FILE103.PDS, moved to PDS/TVENQ11
2023-04-02 21:49:57.102509 - Found TVENQ12.txt (text/plain) in CBT.V504.FILE103.PDS, moved to PDS/TVENQ12
2023-04-02 21:49:57.103460 - Found TVENQ2.txt (text/plain) in CBT.V504.FILE103.PDS, moved to PDS/TVENQ2
2023-04-02 21:49:57.104433 - Found VBROAD.txt (text/plain) in CBT.V504.FILE103.PDS, moved to PDS/VBROAD
2023-04-02 21:49:57.105384 - Found VBROADE.txt (text/plain) in CBT.V504.FILE103.PDS, moved to PDS/VBROADE
2023-04-02 21:49:57.106253 - Found VBROADI.txt (text/plain) in CBT.V504.FILE103.PDS, moved to PDS/VBROADI
2023-04-02 21:49:57.107192 - Found VBROAD0.txt (text/plain) in CBT.V504.FILE103.PDS, moved to PDS/VBROAD0
2023-04-02 21:49:57.108060 - Found VBROAD1.txt (text/plain) in CBT.V504.FILE103.PDS, moved to PDS/VBROAD1
2023-04-02 21:49:57.108902 - Found VBROAD2.txt (text/plain) in CBT.V504.FILE103.PDS, moved to PDS/VBROAD2
2023-04-02 21:49:57.109735 - Found VCMDEDIC.txt (text/plain) in CBT.V504.FILE103.PDS, moved to PDS/VCMDEDIC
2023-04-02 21:49:57.110556 - Found VCMDEDIT.txt (text/plain) in CBT.V504.FILE103.PDS, moved to PDS/VCMDEDIT
2023-04-02 21:49:57.111466 - Found VENQ1.txt (text/plain) in CBT.V504.FILE103.PDS, moved to PDS/VENQ1
2023-04-02 21:49:57.112346 - Found VENQ2.txt (text/plain) in CBT.V504.FILE103.PDS, moved to PDS/VENQ2
2023-04-02 21:49:57.113293 - Found VEXIT.txt (text/plain) in CBT.V504.FILE103.PDS, moved to PDS/VEXIT
2023-04-02 21:49:57.114197 - Found VEXITC.txt (text/plain) in CBT.V504.FILE103.PDS, moved to PDS/VEXITC
2023-04-02 21:49:57.114208 - Found VISPFG2.bin containing application/octet-stream, moved to PDS/VISPFG2
2023-04-02 21:49:57.116160 - Found VLOGO.txt (text/plain) in CBT.V504.FILE103.PDS, moved to PDS/VLOGO
2023-04-02 21:49:57.117145 - Found VLOGOC.txt (text/plain) in CBT.V504.FILE103.PDS, moved to PDS/VLOGOC
2023-04-02 21:49:57.118180 - Found VLOGON.jcl (text/plain) in CBT.V504.FILE103.PDS, moved to PDS/VLOGON
2023-04-02 21:49:57.119125 - Found VLOGONP.txt (text/plain) in CBT.V504.FILE103.PDS, moved to PDS/VLOGONP
2023-04-02 21:49:57.120112 - Found VPC.txt (text/plain) in CBT.V504.FILE103.PDS, moved to PDS/VPC
2023-04-02 21:49:57.121058 - Found VPCC.txt (text/plain) in CBT.V504.FILE103.PDS, moved to PDS/VPCC
2023-04-02 21:49:57.122030 - Found VPCTRAN.txt (text/plain) in CBT.V504.FILE103.PDS, moved to PDS/VPCTRAN
2023-04-02 21:49:57.122976 - Found VPCT000.txt (text/plain) in CBT.V504.FILE103.PDS, moved to PDS/VPCT000
2023-04-02 21:49:57.123894 - Found VPCT001.txt (text/plain) in CBT.V504.FILE103.PDS, moved to PDS/VPCT001
2023-04-02 21:49:57.124860 - Found VPCT002.txt (text/plain) in CBT.V504.FILE103.PDS, moved to PDS/VPCT002
2023-04-02 21:49:57.125725 - Found VPCT003.txt (text/plain) in CBT.V504.FILE103.PDS, moved to PDS/VPCT003
2023-04-02 21:49:57.126590 - Found VPCT010.txt (text/plain) in CBT.V504.FILE103.PDS, moved to PDS/VPCT010
2023-04-02 21:49:57.127578 - Found VPCT011.txt (text/plain) in CBT.V504.FILE103.PDS, moved to PDS/VPCT011
2023-04-02 21:49:57.128576 - Found VPCT012.txt (text/plain) in CBT.V504.FILE103.PDS, moved to PDS/VPCT012
2023-04-02 21:49:57.129480 - Found VPCT013.txt (text/plain) in CBT.V504.FILE103.PDS, moved to PDS/VPCT013
2023-04-02 21:49:57.130398 - Found VPCT014.txt (text/plain) in CBT.V504.FILE103.PDS, moved to PDS/VPCT014
2023-04-02 21:49:57.131318 - Found VPCT015.txt (text/plain) in CBT.V504.FILE103.PDS, moved to PDS/VPCT015
2023-04-02 21:49:57.132264 - Found VPCT016.txt (text/plain) in CBT.V504.FILE103.PDS, moved to PDS/VPCT016
2023-04-02 21:49:57.133327 - Found VPCT017.txt (text/plain) in CBT.V504.FILE103.PDS, moved to PDS/VPCT017
2023-04-02 21:49:57.134224 - Found VPCT018.txt (text/plain) in CBT.V504.FILE103.PDS, moved to PDS/VPCT018
2023-04-02 21:49:57.135187 - Found VUTL16.txt (text/plain) in CBT.V504.FILE103.PDS, moved to PDS/VUTL16
